Start with 0.0 points.
=================================
5X5, 6X6, first column tests pass
Passed Tests/five-six-first-input.txt

=============================================
Score is now
3.0
8X8, first column tests pass
Passed Tests/eight-first-input.txt

=============================================
Score is now
5.0
Solution has failed on an input. This input is given in your solution folder.
An example output is also given in your directory.Messages from verifier script follows. This should give some description of why your solution is incorrect.
====================================
For input: 8 3 8
 your output file has no output.
FAIL

===========================================
Final score
5
